2021-05-17 09:17:42,728:INFO:PyCaret Supervised Module
2021-05-17 09:17:42,728:INFO:ML Usecase: regression
2021-05-17 09:17:42,728:INFO:version 2.3.1
2021-05-17 09:17:42,728:INFO:Initializing setup()
2021-05-17 09:17:42,728:INFO:setup(target=charges, ml_usecase=regression, available_plots={'parameter': 'Hyperparameters', 'residuals': 'Residuals', 'error': 'Prediction Error', 'cooks': 'Cooks Distance', 'rfe': 'Feature Selection', 'learning': 'Learning Curve', 'manifold': 'Manifold Learning', 'vc': 'Validation Curve', 'feature': 'Feature Importance', 'feature_all': 'Feature Importance (All)', 'tree': 'Decision Tree', 'residuals_interactive': 'Interactive Residuals'}, train_size=0.7, test_data=None, preprocess=True, imputation_type=simple, iterative_imputation_iters=5, categorical_features=None, categorical_imputation=constant, categorical_iterative_imputer=lightgbm, ordinal_features=None, high_cardinality_features=None, high_cardinality_method=frequency, numeric_features=None, numeric_imputation=mean, numeric_iterative_imputer=lightgbm, date_features=None, ignore_features=None, normalize=False, normalize_method=zscore, transformation=False, transformation_method=yeo-johnson, handle_unknown_categorical=True, unknown_categorical_method=least_frequent, pca=False, pca_method=linear, pca_components=None, ignore_low_variance=False, combine_rare_levels=False, rare_level_threshold=0.1, bin_numeric_features=None, remove_outliers=False, outliers_threshold=0.05, remove_multicollinearity=False, multicollinearity_threshold=0.9, remove_perfect_collinearity=True, create_clusters=False, cluster_iter=20, polynomial_features=False, polynomial_degree=2, trigonometry_features=False, polynomial_threshold=0.1, group_features=None, group_names=None, feature_selection=False, feature_selection_threshold=0.8, feature_selection_method=classic, feature_interaction=False, feature_ratio=False, interaction_threshold=0.01, fix_imbalance=False, fix_imbalance_method=None, transform_target=False, transform_target_method=box-cox, data_split_shuffle=True, data_split_stratify=False, fold_strategy=kfold, fold=10, fold_shuffle=False, fold_groups=None, n_jobs=-1, use_gpu=False, custom_pipeline=None, html=True, session_id=123, log_experiment=True, experiment_name=insurance1, log_plots=False, log_profile=False, log_data=False, silent=False, verbose=True, profile=False, profile_kwargs=None, display=None)
2021-05-17 09:17:42,728:INFO:Checking environment
2021-05-17 09:17:42,728:INFO:python_version: 3.8.9
2021-05-17 09:17:42,728:INFO:python_build: ('default', 'Apr  6 2021 00:00:00')
2021-05-17 09:17:42,728:INFO:machine: x86_64
2021-05-17 09:17:42,729:INFO:platform: Linux-5.11.19-100.fc32.x86_64-x86_64-with-glibc2.2.5
2021-05-17 09:17:42,729:INFO:Memory: svmem(total=16652881920, available=11165704192, percent=33.0, used=4309954560, free=6048432128, active=1865506816, inactive=7222616064, buffers=560066560, cached=5734428672, shared=827158528, slab=631300096)
2021-05-17 09:17:42,730:INFO:Physical Core: 4
2021-05-17 09:17:42,730:INFO:Logical Core: 8
2021-05-17 09:17:42,730:INFO:Checking libraries
2021-05-17 09:17:42,730:INFO:pd==1.2.3
2021-05-17 09:17:42,730:INFO:numpy==1.19.5
2021-05-17 09:17:42,730:INFO:sklearn==0.23.2
2021-05-17 09:17:42,730:INFO:lightgbm==3.2.1
2021-05-17 09:17:42,730:WARNING:catboost not found
2021-05-17 09:17:42,731:WARNING:xgboost not found
2021-05-17 09:17:42,903:INFO:mlflow==1.17.0
2021-05-17 09:17:42,903:INFO:Checking Exceptions
2021-05-17 09:17:42,903:INFO:Declaring global variables
2021-05-17 09:17:42,903:INFO:USI: 08aa
2021-05-17 09:17:42,903:INFO:pycaret_globals: {'transform_target_param', 'y_test', 'display_container', 'master_model_container', 'fold_groups_param', '_all_metrics', 'fix_imbalance_param', 'X_test', 'pycaret_globals', '_ml_usecase', 'X', 'fold_groups_param_full', 'X_train', 'fold_param', '_internal_pipeline', 'stratify_param', 'transform_target_method_param', 'target_param', 'fix_imbalance_method_param', 'USI', 'logging_param', 'html_param', 'fold_generator', 'prep_pipe', 'n_jobs_param', 'seed', 'imputation_classifier', 'iterative_imputation_iters_param', 'y_train', 'y', '_available_plots', '_gpu_n_jobs_param', '_all_models_internal', 'data_before_preprocess', 'exp_name_log', 'log_plots_param', '_all_models', 'fold_shuffle_param', 'create_model_container', 'experiment__', 'gpu_param', 'imputation_regressor'}
2021-05-17 09:17:42,904:INFO:Preparing display monitor
2021-05-17 09:17:42,904:INFO:Preparing display monitor
2021-05-17 09:17:42,918:INFO:Importing libraries
2021-05-17 09:17:42,918:INFO:Copying data for preprocessing
2021-05-17 09:17:42,927:INFO:Declaring preprocessing parameters
2021-05-17 09:17:42,928:INFO:Creating preprocessing pipeline
2021-05-17 09:17:42,934:INFO:Preprocessing pipeline created successfully
2021-05-17 09:17:42,934:ERROR:(Process Exit): setup has been interupted with user command 'quit'. setup must rerun.
2021-05-17 09:17:42,934:INFO:Creating global containers
2021-05-17 09:17:42,935:INFO:Internal pipeline: Pipeline(memory=None, steps=[('empty_step', 'passthrough')], verbose=False)
